<?xml version="1.0" encoding="UTF-8"?>
<testng-results ignored="0" total="1" passed="0" failed="1" skipped="0">
  <reporter-output>
  </reporter-output>
  <suite started-at="2022-06-17T07:40:13Z" name="Default suite" finished-at="2022-06-17T07:48:20Z" duration-ms="486368">
    <groups>
    </groups>
    <test started-at="2022-06-17T07:40:13Z" name="Default test" finished-at="2022-06-17T07:48:20Z" duration-ms="486368">
      <class name="com.cnhi.tests.TC05_BreakdownAddActivityFromReceptionChecklist$Demotest">
        <test-method is-config="true" signature="beforeMethod()[pri:0, instance:com.cnhi.tests.TC05_BreakdownAddActivityFromReceptionChecklist$Demotest@42530531]" started-at="2022-06-17T07:40:13Z" name="beforeMethod" finished-at="2022-06-17T07:40:56Z" duration-ms="42761" status="PASS">
          <reporter-output>
          </reporter-output>
        </test-method> <!-- beforeMethod -->
        <test-method signature="BreakdownAddActivityFromReceptionChecklist()[pri:0, instance:com.cnhi.tests.TC05_BreakdownAddActivityFromReceptionChecklist$Demotest@42530531]" started-at="2022-06-17T07:40:56Z" name="BreakdownAddActivityFromReceptionChecklist" description="Login to application Trying to fail this scenario for reprting purpose " finished-at="2022-06-17T07:48:19Z" duration-ms="443420" status="FAIL">
          <exception class="java.lang.Exception">
            <message>
              <![CDATA[Element not found]]>
            </message>
            <full-stacktrace>
              <![CDATA[java.lang.Exception: Element not found
at com.cnhi.pageObjects.GenericPage.swipeToElement(GenericPage.java:132)
at com.cnhi.pageObjects.TaskPage.isGroupTestReceptionChkListQuestion1Label(TaskPage.java:238)
at com.cnhi.tests.TC05_BreakdownAddActivityFromReceptionChecklist$Demotest.BreakdownAddActivityFromReceptionChecklist(TC05_BreakdownAddActivityFromReceptionChecklist.java:192)
at java.base/jdk.internal.reflect.NativeMethodAccessorImpl.invoke0(Native Method)
at java.base/jdk.internal.reflect.NativeMethodAccessorImpl.invoke(NativeMethodAccessorImpl.java:64)
at java.base/jdk.internal.reflect.DelegatingMethodAccessorImpl.invoke(DelegatingMethodAccessorImpl.java:43)
at java.base/java.lang.reflect.Method.invoke(Method.java:564)
at org.testng.internal.MethodInvocationHelper.invokeMethod(MethodInvocationHelper.java:124)
at org.testng.internal.Invoker.invokeMethod(Invoker.java:583)
at org.testng.internal.Invoker.invokeTestMethod(Invoker.java:719)
at org.testng.internal.Invoker.invokeTestMethods(Invoker.java:989)
at org.testng.internal.TestMethodWorker.invokeTestMethods(TestMethodWorker.java:125)
at org.testng.internal.TestMethodWorker.run(TestMethodWorker.java:109)
at org.testng.TestRunner.privateRun(TestRunner.java:648)
at org.testng.TestRunner.run(TestRunner.java:505)
at org.testng.SuiteRunner.runTest(SuiteRunner.java:455)
at org.testng.SuiteRunner.runSequentially(SuiteRunner.java:450)
at org.testng.SuiteRunner.privateRun(SuiteRunner.java:415)
at org.testng.SuiteRunner.run(SuiteRunner.java:364)
at org.testng.SuiteRunnerWorker.runSuite(SuiteRunnerWorker.java:52)
at org.testng.SuiteRunnerWorker.run(SuiteRunnerWorker.java:84)
at org.testng.TestNG.runSuitesSequentially(TestNG.java:1208)
at org.testng.TestNG.runSuitesLocally(TestNG.java:1137)
at org.testng.TestNG.runSuites(TestNG.java:1049)
at org.testng.TestNG.run(TestNG.java:1017)
at org.testng.remote.AbstractRemoteTestNG.run(AbstractRemoteTestNG.java:115)
at org.testng.remote.RemoteTestNG.initAndRun(RemoteTestNG.java:251)
at org.testng.remote.RemoteTestNG.main(RemoteTestNG.java:77)
]]>
            </full-stacktrace>
          </exception> <!-- java.lang.Exception -->
          <reporter-output>
          </reporter-output>
        </test-method> <!-- BreakdownAddActivityFromReceptionChecklist -->
        <test-method is-config="true" signature="afterMethod()[pri:0, instance:com.cnhi.tests.TC05_BreakdownAddActivityFromReceptionChecklist$Demotest@42530531]" started-at="2022-06-17T07:48:20Z" name="afterMethod" finished-at="2022-06-17T07:48:20Z" duration-ms="4" status="PASS">
          <reporter-output>
          </reporter-output>
        </test-method> <!-- afterMethod -->
      </class> <!-- com.cnhi.tests.TC05_BreakdownAddActivityFromReceptionChecklist$Demotest -->
    </test> <!-- Default test -->
  </suite> <!-- Default suite -->
</testng-results>
